<?xml version="1.0" encoding="UTF-8"?>
<testng-results ignored="0" total="1" passed="1" failed="0" skipped="0">
  <reporter-output>
  </reporter-output>
  <suite started-at="2023-11-10T22:55:12 EET" name="Default suite" finished-at="2023-11-10T22:55:21 EET" duration-ms="8822">
    <groups>
    </groups>
    <test started-at="2023-11-10T22:55:12 EET" name="Default test" finished-at="2023-11-10T22:55:21 EET" duration-ms="8822">
      <class name="TestOne">
        <test-method is-config="true" signature="Setup()[pri:0, instance:TestOne@f713686]" started-at="2023-11-10T22:55:12 EET" name="Setup" finished-at="2023-11-10T22:55:15 EET" duration-ms="2693" status="PASS">
          <reporter-output>
          </reporter-output>
        </test-method> <!-- Setup -->
        <test-method signature="TestLogin()[pri:0, instance:TestOne@f713686]" started-at="2023-11-10T22:55:15 EET" name="TestLogin" finished-at="2023-11-10T22:55:21 EET" duration-ms="6040" status="PASS">
          <reporter-output>
          </reporter-output>
        </test-method> <!-- TestLogin -->
        <test-method is-config="true" signature="POstTesting()[pri:0, instance:TestOne@f713686]" started-at="2023-11-10T22:55:21 EET" name="POstTesting" finished-at="2023-11-10T22:55:21 EET" duration-ms="0" status="PASS">
          <reporter-output>
          </reporter-output>
        </test-method> <!-- POstTesting -->
      </class> <!-- TestOne -->
    </test> <!-- Default test -->
  </suite> <!-- Default suite -->
</testng-results>
